2022/02/08 09:34:32 [notice] 1#1: using the "epoll" event method
2022/02/08 09:34:32 [notice] 1#1: nginx/1.20.0
2022/02/08 09:34:32 [notice] 1#1: built by gcc 8.3.0 (Debian 8.3.0-6) 
2022/02/08 09:34:32 [notice] 1#1: OS: Linux 5.13.0-27-generic
2022/02/08 09:34:32 [notice] 1#1: getrlimit(RLIMIT_NOFILE): 1048576:1048576
2022/02/08 09:34:32 [notice] 1#1: start worker processes
2022/02/08 09:34:32 [notice] 1#1: start worker process 29
2022/02/08 09:34:32 [notice] 1#1: start worker process 30
2022/02/08 09:57:19 [notice] 1#1: signal 3 (SIGQUIT) received, shutting down
2022/02/08 09:57:19 [notice] 29#29: gracefully shutting down
2022/02/08 09:57:19 [notice] 29#29: exiting
2022/02/08 09:57:19 [notice] 29#29: exit
2022/02/08 09:57:19 [notice] 30#30: gracefully shutting down
2022/02/08 09:57:19 [notice] 30#30: exiting
2022/02/08 09:57:19 [notice] 30#30: exit
2022/02/08 09:57:19 [notice] 1#1: signal 17 (SIGCHLD) received from 30
2022/02/08 09:57:19 [notice] 1#1: worker process 30 exited with code 0
2022/02/08 09:57:19 [notice] 1#1: signal 29 (SIGIO) received
2022/02/08 09:57:19 [notice] 1#1: signal 17 (SIGCHLD) received from 29
2022/02/08 09:57:19 [notice] 1#1: worker process 29 exited with code 0
2022/02/08 09:57:19 [notice] 1#1: exit
2022/02/08 09:57:30 [notice] 1#1: using the "epoll" event method
2022/02/08 09:57:30 [notice] 1#1: nginx/1.20.0
2022/02/08 09:57:30 [notice] 1#1: built by gcc 8.3.0 (Debian 8.3.0-6) 
2022/02/08 09:57:30 [notice] 1#1: OS: Linux 5.13.0-27-generic
2022/02/08 09:57:30 [notice] 1#1: getrlimit(RLIMIT_NOFILE): 1048576:1048576
2022/02/08 09:57:30 [notice] 1#1: start worker processes
2022/02/08 09:57:30 [notice] 1#1: start worker process 30
2022/02/08 09:57:30 [notice] 1#1: start worker process 31
2022/02/08 09:59:43 [notice] 1#1: signal 3 (SIGQUIT) received, shutting down
2022/02/08 09:59:43 [notice] 31#31: gracefully shutting down
2022/02/08 09:59:43 [notice] 31#31: exiting
2022/02/08 09:59:43 [notice] 30#30: gracefully shutting down
2022/02/08 09:59:43 [notice] 30#30: exiting
2022/02/08 09:59:43 [notice] 31#31: exit
2022/02/08 09:59:43 [notice] 30#30: exit
2022/02/08 09:59:43 [notice] 1#1: signal 17 (SIGCHLD) received from 31
2022/02/08 09:59:43 [notice] 1#1: worker process 31 exited with code 0
2022/02/08 09:59:43 [notice] 1#1: signal 29 (SIGIO) received
2022/02/08 09:59:43 [notice] 1#1: signal 17 (SIGCHLD) received from 30
2022/02/08 09:59:43 [notice] 1#1: worker process 30 exited with code 0
2022/02/08 09:59:43 [notice] 1#1: exit
2022/02/08 09:59:45 [emerg] 1#1: open() "/etc/nginx/proxy_params" failed (2: No such file or directory) in /etc/nginx/conf.d/default.conf:25
2022/02/08 09:59:46 [emerg] 1#1: open() "/etc/nginx/proxy_params" failed (2: No such file or directory) in /etc/nginx/conf.d/default.conf:25
2022/02/08 09:59:47 [emerg] 1#1: open() "/etc/nginx/proxy_params" failed (2: No such file or directory) in /etc/nginx/conf.d/default.conf:25
2022/02/08 09:59:48 [emerg] 1#1: open() "/etc/nginx/proxy_params" failed (2: No such file or directory) in /etc/nginx/conf.d/default.conf:25
2022/02/08 09:59:49 [emerg] 1#1: open() "/etc/nginx/proxy_params" failed (2: No such file or directory) in /etc/nginx/conf.d/default.conf:25
2022/02/08 09:59:52 [emerg] 1#1: open() "/etc/nginx/proxy_params" failed (2: No such file or directory) in /etc/nginx/conf.d/default.conf:25
2022/02/08 09:59:56 [emerg] 1#1: open() "/etc/nginx/proxy_params" failed (2: No such file or directory) in /etc/nginx/conf.d/default.conf:25
2022/02/08 10:00:01 [emerg] 1#1: open() "/etc/nginx/proxy_params" failed (2: No such file or directory) in /etc/nginx/conf.d/default.conf:25
2022/02/08 10:00:02 [emerg] 1#1: open() "/etc/nginx/proxy_params" failed (2: No such file or directory) in /etc/nginx/conf.d/default.conf:25
2022/02/08 10:00:03 [emerg] 1#1: open() "/etc/nginx/proxy_params" failed (2: No such file or directory) in /etc/nginx/conf.d/default.conf:25
2022/02/08 10:00:04 [emerg] 1#1: open() "/etc/nginx/proxy_params" failed (2: No such file or directory) in /etc/nginx/conf.d/default.conf:25
2022/02/08 10:00:05 [emerg] 1#1: open() "/etc/nginx/proxy_params" failed (2: No such file or directory) in /etc/nginx/conf.d/default.conf:25
2022/02/08 10:00:08 [emerg] 1#1: open() "/etc/nginx/proxy_params" failed (2: No such file or directory) in /etc/nginx/conf.d/default.conf:25
2022/02/08 10:00:12 [emerg] 1#1: open() "/etc/nginx/proxy_params" failed (2: No such file or directory) in /etc/nginx/conf.d/default.conf:25
2022/02/08 10:00:19 [emerg] 1#1: open() "/etc/nginx/proxy_params" failed (2: No such file or directory) in /etc/nginx/conf.d/default.conf:25
2022/02/08 10:00:32 [emerg] 1#1: open() "/etc/nginx/proxy_params" failed (2: No such file or directory) in /etc/nginx/conf.d/default.conf:25
2022/02/08 10:00:33 [emerg] 1#1: open() "/etc/nginx/proxy_params" failed (2: No such file or directory) in /etc/nginx/conf.d/default.conf:25
2022/02/08 10:00:35 [emerg] 1#1: open() "/etc/nginx/proxy_params" failed (2: No such file or directory) in /etc/nginx/conf.d/default.conf:25
2022/02/08 10:00:37 [emerg] 1#1: open() "/etc/nginx/proxy_params" failed (2: No such file or directory) in /etc/nginx/conf.d/default.conf:25
2022/02/08 10:00:39 [emerg] 1#1: open() "/etc/nginx/proxy_params" failed (2: No such file or directory) in /etc/nginx/conf.d/default.conf:25
2022/02/08 10:00:42 [emerg] 1#1: open() "/etc/nginx/proxy_params" failed (2: No such file or directory) in /etc/nginx/conf.d/default.conf:25
2022/02/08 10:00:47 [emerg] 1#1: open() "/etc/nginx/proxy_params" failed (2: No such file or directory) in /etc/nginx/conf.d/default.conf:25
2022/02/08 10:00:55 [emerg] 1#1: open() "/etc/nginx/proxy_params" failed (2: No such file or directory) in /etc/nginx/conf.d/default.conf:25
2022/02/08 10:01:08 [notice] 1#1: using the "epoll" event method
2022/02/08 10:01:08 [notice] 1#1: nginx/1.20.0
2022/02/08 10:01:08 [notice] 1#1: built by gcc 8.3.0 (Debian 8.3.0-6) 
2022/02/08 10:01:08 [notice] 1#1: OS: Linux 5.13.0-27-generic
2022/02/08 10:01:08 [notice] 1#1: getrlimit(RLIMIT_NOFILE): 1048576:1048576
2022/02/08 10:01:08 [notice] 1#1: start worker processes
2022/02/08 10:01:08 [notice] 1#1: start worker process 31
2022/02/08 10:01:08 [notice] 1#1: start worker process 32
2022/02/08 10:01:08 [notice] 1#1: signal 3 (SIGQUIT) received, shutting down
2022/02/08 10:01:08 [notice] 31#31: gracefully shutting down
2022/02/08 10:01:08 [notice] 32#32: gracefully shutting down
2022/02/08 10:01:08 [notice] 31#31: exiting
2022/02/08 10:01:08 [notice] 32#32: exiting
2022/02/08 10:01:08 [notice] 31#31: exit
2022/02/08 10:01:08 [notice] 32#32: exit
2022/02/08 10:01:08 [notice] 1#1: signal 17 (SIGCHLD) received from 31
2022/02/08 10:01:08 [notice] 1#1: worker process 31 exited with code 0
2022/02/08 10:01:08 [notice] 1#1: signal 29 (SIGIO) received
2022/02/08 10:01:08 [notice] 1#1: signal 17 (SIGCHLD) received from 32
2022/02/08 10:01:08 [notice] 1#1: worker process 32 exited with code 0
2022/02/08 10:01:08 [notice] 1#1: exit
2022/02/08 10:01:11 [notice] 1#1: using the "epoll" event method
2022/02/08 10:01:11 [notice] 1#1: nginx/1.20.0
2022/02/08 10:01:11 [notice] 1#1: built by gcc 8.3.0 (Debian 8.3.0-6) 
2022/02/08 10:01:11 [notice] 1#1: OS: Linux 5.13.0-27-generic
2022/02/08 10:01:11 [notice] 1#1: getrlimit(RLIMIT_NOFILE): 1048576:1048576
2022/02/08 10:01:11 [notice] 1#1: start worker processes
2022/02/08 10:01:11 [notice] 1#1: start worker process 29
2022/02/08 10:01:11 [notice] 1#1: start worker process 30
2022/02/08 15:12:57 [emerg] 1#1: host not found in upstream "nextjs:3000" in /etc/nginx/conf.d/default.conf:5
2022/02/08 15:12:57 [emerg] 1#1: host not found in upstream "nextjs:3000" in /etc/nginx/conf.d/default.conf:5
2022/02/08 15:12:58 [emerg] 1#1: host not found in upstream "nextjs:3000" in /etc/nginx/conf.d/default.conf:5
2022/02/08 15:12:59 [emerg] 1#1: host not found in upstream "nextjs:3000" in /etc/nginx/conf.d/default.conf:5
2022/02/08 15:13:00 [emerg] 1#1: host not found in upstream "nextjs:3000" in /etc/nginx/conf.d/default.conf:5
2022/02/08 15:13:02 [emerg] 1#1: host not found in upstream "nextjs:3000" in /etc/nginx/conf.d/default.conf:5
2022/02/08 15:13:05 [emerg] 1#1: host not found in upstream "nextjs:3000" in /etc/nginx/conf.d/default.conf:5
2022/02/08 15:13:12 [emerg] 1#1: host not found in upstream "nextjs:3000" in /etc/nginx/conf.d/default.conf:5
2022/02/08 15:13:25 [emerg] 1#1: host not found in upstream "nextjs:3000" in /etc/nginx/conf.d/default.conf:5
2022/02/08 15:13:51 [emerg] 1#1: host not found in upstream "nextjs:3000" in /etc/nginx/conf.d/default.conf:5
2022/02/08 15:14:43 [emerg] 1#1: host not found in upstream "nextjs:3000" in /etc/nginx/conf.d/default.conf:5
2022/02/08 15:15:43 [emerg] 1#1: host not found in upstream "nextjs:3000" in /etc/nginx/conf.d/default.conf:5
2022/02/08 15:16:44 [emerg] 1#1: host not found in upstream "nextjs:3000" in /etc/nginx/conf.d/default.conf:5
2022/02/08 15:17:44 [emerg] 1#1: host not found in upstream "nextjs:3000" in /etc/nginx/conf.d/default.conf:5
2022/02/08 15:18:45 [emerg] 1#1: host not found in upstream "nextjs:3000" in /etc/nginx/conf.d/default.conf:5
2022/02/08 15:19:45 [emerg] 1#1: host not found in upstream "nextjs:3000" in /etc/nginx/conf.d/default.conf:5
2022/02/08 15:20:45 [emerg] 1#1: host not found in upstream "nextjs:3000" in /etc/nginx/conf.d/default.conf:5
2022/02/08 15:21:46 [emerg] 1#1: host not found in upstream "nextjs:3000" in /etc/nginx/conf.d/default.conf:5
2022/02/08 15:22:46 [emerg] 1#1: host not found in upstream "nextjs:3000" in /etc/nginx/conf.d/default.conf:5
2022/02/08 15:23:46 [emerg] 1#1: host not found in upstream "nextjs:3000" in /etc/nginx/conf.d/default.conf:5
2022/02/08 15:24:47 [emerg] 1#1: host not found in upstream "nextjs:3000" in /etc/nginx/conf.d/default.conf:5
2022/02/08 15:25:47 [emerg] 1#1: host not found in upstream "nextjs:3000" in /etc/nginx/conf.d/default.conf:5
2022/02/08 15:26:48 [emerg] 1#1: host not found in upstream "nextjs:3000" in /etc/nginx/conf.d/default.conf:5
2022/02/08 15:27:48 [emerg] 1#1: host not found in upstream "nextjs:3000" in /etc/nginx/conf.d/default.conf:5
2022/02/08 15:28:48 [emerg] 1#1: host not found in upstream "nextjs:3000" in /etc/nginx/conf.d/default.conf:5
2022/02/08 15:29:49 [emerg] 1#1: host not found in upstream "nextjs:3000" in /etc/nginx/conf.d/default.conf:5
2022/02/08 15:30:49 [emerg] 1#1: host not found in upstream "nextjs:3000" in /etc/nginx/conf.d/default.conf:5
2022/02/08 15:31:50 [emerg] 1#1: host not found in upstream "nextjs:3000" in /etc/nginx/conf.d/default.conf:5
2022/02/08 15:32:50 [emerg] 1#1: host not found in upstream "nextjs:3000" in /etc/nginx/conf.d/default.conf:5
2022/02/08 15:33:50 [emerg] 1#1: host not found in upstream "nextjs:3000" in /etc/nginx/conf.d/default.conf:5
2022/02/08 15:34:51 [emerg] 1#1: host not found in upstream "nextjs:3000" in /etc/nginx/conf.d/default.conf:5
2022/02/08 15:35:51 [emerg] 1#1: host not found in upstream "nextjs:3000" in /etc/nginx/conf.d/default.conf:5
2022/02/08 15:36:51 [emerg] 1#1: host not found in upstream "nextjs:3000" in /etc/nginx/conf.d/default.conf:5
2022/02/08 15:37:52 [emerg] 1#1: host not found in upstream "nextjs:3000" in /etc/nginx/conf.d/default.conf:5
2022/02/08 15:38:52 [emerg] 1#1: host not found in upstream "nextjs:3000" in /etc/nginx/conf.d/default.conf:5
2022/02/08 15:39:53 [emerg] 1#1: host not found in upstream "nextjs:3000" in /etc/nginx/conf.d/default.conf:5
2022/02/08 15:40:53 [emerg] 1#1: host not found in upstream "nextjs:3000" in /etc/nginx/conf.d/default.conf:5
2022/02/08 15:41:53 [emerg] 1#1: host not found in upstream "nextjs:3000" in /etc/nginx/conf.d/default.conf:5
2022/02/08 15:42:54 [emerg] 1#1: host not found in upstream "nextjs:3000" in /etc/nginx/conf.d/default.conf:5
2022/02/08 15:43:54 [emerg] 1#1: host not found in upstream "nextjs:3000" in /etc/nginx/conf.d/default.conf:5
2022/02/08 15:44:54 [emerg] 1#1: host not found in upstream "nextjs:3000" in /etc/nginx/conf.d/default.conf:5
2022/02/08 15:45:55 [emerg] 1#1: host not found in upstream "nextjs:3000" in /etc/nginx/conf.d/default.conf:5
2022/02/08 15:46:55 [emerg] 1#1: host not found in upstream "nextjs:3000" in /etc/nginx/conf.d/default.conf:5
2022/02/08 15:47:56 [emerg] 1#1: host not found in upstream "nextjs:3000" in /etc/nginx/conf.d/default.conf:5
2022/02/08 15:48:56 [emerg] 1#1: host not found in upstream "nextjs:3000" in /etc/nginx/conf.d/default.conf:5
2022/02/08 15:49:56 [emerg] 1#1: host not found in upstream "nextjs:3000" in /etc/nginx/conf.d/default.conf:5
2022/02/08 15:50:57 [emerg] 1#1: host not found in upstream "nextjs:3000" in /etc/nginx/conf.d/default.conf:5
2022/02/08 15:51:57 [emerg] 1#1: host not found in upstream "nextjs:3000" in /etc/nginx/conf.d/default.conf:5
2022/02/08 15:52:57 [emerg] 1#1: host not found in upstream "nextjs:3000" in /etc/nginx/conf.d/default.conf:5
2022/02/08 15:53:29 [emerg] 1#1: host not found in upstream "nextjs:3000" in /etc/nginx/conf.d/default.conf:5
2022/02/08 15:53:29 [emerg] 1#1: host not found in upstream "nextjs:3000" in /etc/nginx/conf.d/default.conf:5
2022/02/08 15:53:30 [emerg] 1#1: host not found in upstream "nextjs:3000" in /etc/nginx/conf.d/default.conf:5
2022/02/08 15:53:31 [emerg] 1#1: host not found in upstream "nextjs:3000" in /etc/nginx/conf.d/default.conf:5
2022/02/08 15:53:32 [emerg] 1#1: host not found in upstream "nextjs:3000" in /etc/nginx/conf.d/default.conf:5
2022/02/08 15:53:34 [emerg] 1#1: host not found in upstream "nextjs:3000" in /etc/nginx/conf.d/default.conf:5
2022/02/08 15:53:38 [emerg] 1#1: host not found in upstream "nextjs:3000" in /etc/nginx/conf.d/default.conf:5
2022/02/08 15:53:44 [emerg] 1#1: host not found in upstream "nextjs:3000" in /etc/nginx/conf.d/default.conf:5
2022/02/08 15:53:58 [emerg] 1#1: host not found in upstream "nextjs:3000" in /etc/nginx/conf.d/default.conf:5
2022/02/08 15:54:24 [notice] 1#1: using the "epoll" event method
2022/02/08 15:54:24 [notice] 1#1: nginx/1.20.0
2022/02/08 15:54:24 [notice] 1#1: built by gcc 8.3.0 (Debian 8.3.0-6) 
2022/02/08 15:54:24 [notice] 1#1: OS: Linux 5.13.0-28-generic
2022/02/08 15:54:24 [notice] 1#1: getrlimit(RLIMIT_NOFILE): 1048576:1048576
2022/02/08 15:54:24 [notice] 1#1: start worker processes
2022/02/08 15:54:24 [notice] 1#1: start worker process 30
2022/02/08 15:54:24 [notice] 1#1: start worker process 31
2022/02/08 15:54:24 [notice] 1#1: start worker process 32
2022/02/08 15:54:24 [notice] 1#1: start worker process 33
2022/02/08 15:54:24 [notice] 1#1: start worker process 34
2022/02/08 15:54:24 [notice] 1#1: start worker process 35
2022/02/08 15:54:24 [notice] 1#1: start worker process 36
2022/02/08 15:54:24 [notice] 1#1: start worker process 37
2022/02/08 16:00:12 [notice] 1#1: signal 3 (SIGQUIT) received, shutting down
2022/02/08 16:00:12 [notice] 30#30: gracefully shutting down
2022/02/08 16:00:12 [notice] 31#31: gracefully shutting down
2022/02/08 16:00:12 [notice] 32#32: gracefully shutting down
2022/02/08 16:00:12 [notice] 33#33: gracefully shutting down
2022/02/08 16:00:12 [notice] 31#31: exiting
2022/02/08 16:00:12 [notice] 32#32: exiting
2022/02/08 16:00:12 [notice] 37#37: gracefully shutting down
2022/02/08 16:00:12 [notice] 33#33: exiting
2022/02/08 16:00:12 [notice] 37#37: exiting
2022/02/08 16:00:12 [notice] 32#32: exit
2022/02/08 16:00:12 [notice] 31#31: exit
2022/02/08 16:00:12 [notice] 33#33: exit
2022/02/08 16:00:12 [notice] 30#30: exiting
2022/02/08 16:00:12 [notice] 37#37: exit
2022/02/08 16:00:12 [notice] 30#30: exit
2022/02/08 16:00:12 [notice] 36#36: gracefully shutting down
2022/02/08 16:00:12 [notice] 35#35: gracefully shutting down
2022/02/08 16:00:12 [notice] 36#36: exiting
2022/02/08 16:00:12 [notice] 35#35: exiting
2022/02/08 16:00:12 [notice] 36#36: exit
2022/02/08 16:00:12 [notice] 35#35: exit
2022/02/08 16:00:12 [notice] 34#34: gracefully shutting down
2022/02/08 16:00:12 [notice] 34#34: exiting
2022/02/08 16:00:12 [notice] 34#34: exit
2022/02/08 16:00:12 [notice] 1#1: signal 17 (SIGCHLD) received from 33
2022/02/08 16:00:12 [notice] 1#1: worker process 30 exited with code 0
2022/02/08 16:00:12 [notice] 1#1: worker process 33 exited with code 0
2022/02/08 16:00:12 [notice] 1#1: signal 29 (SIGIO) received
2022/02/08 16:00:12 [notice] 1#1: signal 17 (SIGCHLD) received from 36
2022/02/08 16:00:12 [notice] 1#1: worker process 36 exited with code 0
2022/02/08 16:00:12 [notice] 1#1: signal 29 (SIGIO) received
2022/02/08 16:00:12 [notice] 1#1: signal 17 (SIGCHLD) received from 31
2022/02/08 16:00:12 [notice] 1#1: worker process 31 exited with code 0
2022/02/08 16:00:12 [notice] 1#1: worker process 34 exited with code 0
2022/02/08 16:00:12 [notice] 1#1: signal 29 (SIGIO) received
2022/02/08 16:00:12 [notice] 1#1: signal 17 (SIGCHLD) received from 34
2022/02/08 16:00:12 [notice] 1#1: worker process 37 exited with code 0
2022/02/08 16:00:12 [notice] 1#1: signal 29 (SIGIO) received
2022/02/08 16:00:12 [notice] 1#1: signal 17 (SIGCHLD) received from 35
2022/02/08 16:00:12 [notice] 1#1: worker process 35 exited with code 0
2022/02/08 16:00:12 [notice] 1#1: signal 29 (SIGIO) received
2022/02/08 16:00:12 [notice] 1#1: signal 17 (SIGCHLD) received from 32
2022/02/08 16:00:12 [notice] 1#1: worker process 32 exited with code 0
2022/02/08 16:00:12 [notice] 1#1: exit
2022/02/08 16:00:21 [notice] 1#1: using the "epoll" event method
2022/02/08 16:00:21 [notice] 1#1: nginx/1.20.0
2022/02/08 16:00:21 [notice] 1#1: built by gcc 8.3.0 (Debian 8.3.0-6) 
2022/02/08 16:00:21 [notice] 1#1: OS: Linux 5.13.0-28-generic
2022/02/08 16:00:21 [notice] 1#1: getrlimit(RLIMIT_NOFILE): 1048576:1048576
2022/02/08 16:00:21 [notice] 1#1: start worker processes
2022/02/08 16:00:21 [notice] 1#1: start worker process 30
2022/02/08 16:00:21 [notice] 1#1: start worker process 31
2022/02/08 16:00:21 [notice] 1#1: start worker process 32
2022/02/08 16:00:21 [notice] 1#1: start worker process 33
2022/02/08 16:00:21 [notice] 1#1: start worker process 34
2022/02/08 16:00:21 [notice] 1#1: start worker process 35
2022/02/08 16:00:21 [notice] 1#1: start worker process 36
2022/02/08 16:00:21 [notice] 1#1: start worker process 37
2022/02/08 16:01:21 [notice] 1#1: signal 3 (SIGQUIT) received, shutting down
2022/02/08 16:01:21 [notice] 30#30: gracefully shutting down
2022/02/08 16:01:21 [notice] 32#32: gracefully shutting down
2022/02/08 16:01:21 [notice] 33#33: gracefully shutting down
2022/02/08 16:01:21 [notice] 34#34: gracefully shutting down
2022/02/08 16:01:21 [notice] 30#30: exiting
2022/02/08 16:01:21 [notice] 32#32: exiting
2022/02/08 16:01:21 [notice] 31#31: gracefully shutting down
2022/02/08 16:01:21 [notice] 33#33: exiting
2022/02/08 16:01:21 [notice] 34#34: exiting
2022/02/08 16:01:21 [notice] 31#31: exiting
2022/02/08 16:01:21 [notice] 33#33: exit
2022/02/08 16:01:21 [notice] 30#30: exit
2022/02/08 16:01:21 [notice] 32#32: exit
2022/02/08 16:01:21 [notice] 34#34: exit
2022/02/08 16:01:21 [notice] 31#31: exit
2022/02/08 16:01:21 [notice] 35#35: gracefully shutting down
2022/02/08 16:01:21 [notice] 37#37: gracefully shutting down
2022/02/08 16:01:21 [notice] 36#36: gracefully shutting down
2022/02/08 16:01:21 [notice] 35#35: exiting
2022/02/08 16:01:21 [notice] 37#37: exiting
2022/02/08 16:01:21 [notice] 36#36: exiting
2022/02/08 16:01:21 [notice] 35#35: exit
2022/02/08 16:01:21 [notice] 37#37: exit
2022/02/08 16:01:21 [notice] 36#36: exit
2022/02/08 16:01:21 [notice] 1#1: signal 17 (SIGCHLD) received from 32
2022/02/08 16:01:21 [notice] 1#1: worker process 32 exited with code 0
2022/02/08 16:01:21 [notice] 1#1: signal 29 (SIGIO) received
2022/02/08 16:01:21 [notice] 1#1: signal 17 (SIGCHLD) received from 31
2022/02/08 16:01:21 [notice] 1#1: worker process 31 exited with code 0
2022/02/08 16:01:21 [notice] 1#1: worker process 35 exited with code 0
2022/02/08 16:01:21 [notice] 1#1: signal 29 (SIGIO) received
2022/02/08 16:01:21 [notice] 1#1: signal 17 (SIGCHLD) received from 35
2022/02/08 16:01:21 [notice] 1#1: worker process 30 exited with code 0
2022/02/08 16:01:21 [notice] 1#1: worker process 37 exited with code 0
2022/02/08 16:01:21 [notice] 1#1: signal 29 (SIGIO) received
2022/02/08 16:01:21 [notice] 1#1: signal 17 (SIGCHLD) received from 37
2022/02/08 16:01:21 [notice] 1#1: signal 17 (SIGCHLD) received from 33
2022/02/08 16:01:21 [notice] 1#1: worker process 33 exited with code 0
2022/02/08 16:01:21 [notice] 1#1: signal 29 (SIGIO) received
2022/02/08 16:01:21 [notice] 1#1: signal 17 (SIGCHLD) received from 36
2022/02/08 16:01:21 [notice] 1#1: worker process 34 exited with code 0
2022/02/08 16:01:21 [notice] 1#1: worker process 36 exited with code 0
2022/02/08 16:01:21 [notice] 1#1: exit
2022/02/08 16:01:39 [notice] 1#1: using the "epoll" event method
2022/02/08 16:01:39 [notice] 1#1: nginx/1.20.0
2022/02/08 16:01:39 [notice] 1#1: built by gcc 8.3.0 (Debian 8.3.0-6) 
2022/02/08 16:01:39 [notice] 1#1: OS: Linux 5.13.0-28-generic
2022/02/08 16:01:39 [notice] 1#1: getrlimit(RLIMIT_NOFILE): 1048576:1048576
2022/02/08 16:01:39 [notice] 1#1: start worker processes
2022/02/08 16:01:39 [notice] 1#1: start worker process 30
2022/02/08 16:01:39 [notice] 1#1: start worker process 31
2022/02/08 16:01:39 [notice] 1#1: start worker process 32
2022/02/08 16:01:39 [notice] 1#1: start worker process 33
2022/02/08 16:01:39 [notice] 1#1: start worker process 34
2022/02/08 16:01:39 [notice] 1#1: start worker process 35
2022/02/08 16:01:39 [notice] 1#1: start worker process 36
2022/02/08 16:01:39 [notice] 1#1: start worker process 37
2022/02/08 16:22:55 [notice] 1#1: signal 3 (SIGQUIT) received, shutting down
2022/02/08 16:22:55 [notice] 30#30: gracefully shutting down
2022/02/08 16:22:55 [notice] 31#31: gracefully shutting down
2022/02/08 16:22:55 [notice] 34#34: gracefully shutting down
2022/02/08 16:22:55 [notice] 32#32: gracefully shutting down
2022/02/08 16:22:55 [notice] 33#33: gracefully shutting down
2022/02/08 16:22:55 [notice] 31#31: exiting
2022/02/08 16:22:55 [notice] 35#35: gracefully shutting down
2022/02/08 16:22:55 [notice] 36#36: gracefully shutting down
2022/02/08 16:22:55 [notice] 34#34: exiting
2022/02/08 16:22:55 [notice] 32#32: exiting
2022/02/08 16:22:55 [notice] 33#33: exiting
2022/02/08 16:22:55 [notice] 35#35: exiting
2022/02/08 16:22:55 [notice] 36#36: exiting
2022/02/08 16:22:55 [notice] 31#31: exit
2022/02/08 16:22:55 [notice] 34#34: exit
2022/02/08 16:22:55 [notice] 33#33: exit
2022/02/08 16:22:55 [notice] 32#32: exit
2022/02/08 16:22:55 [notice] 35#35: exit
2022/02/08 16:22:55 [notice] 36#36: exit
2022/02/08 16:22:55 [notice] 30#30: exiting
2022/02/08 16:22:55 [notice] 30#30: exit
2022/02/08 16:22:55 [notice] 37#37: gracefully shutting down
2022/02/08 16:22:55 [notice] 37#37: exiting
2022/02/08 16:22:55 [notice] 37#37: exit
2022/02/08 16:22:55 [notice] 1#1: signal 17 (SIGCHLD) received from 36
2022/02/08 16:22:55 [notice] 1#1: worker process 36 exited with code 0
2022/02/08 16:22:55 [notice] 1#1: signal 29 (SIGIO) received
2022/02/08 16:22:55 [notice] 1#1: signal 17 (SIGCHLD) received from 37
2022/02/08 16:22:55 [notice] 1#1: worker process 37 exited with code 0
2022/02/08 16:22:55 [notice] 1#1: signal 29 (SIGIO) received
2022/02/08 16:22:55 [notice] 1#1: signal 17 (SIGCHLD) received from 33
2022/02/08 16:22:55 [notice] 1#1: worker process 33 exited with code 0
2022/02/08 16:22:55 [notice] 1#1: signal 29 (SIGIO) received
2022/02/08 16:22:55 [notice] 1#1: signal 17 (SIGCHLD) received from 30
2022/02/08 16:22:55 [notice] 1#1: worker process 30 exited with code 0
2022/02/08 16:22:55 [notice] 1#1: worker process 32 exited with code 0
2022/02/08 16:22:55 [notice] 1#1: signal 29 (SIGIO) received
2022/02/08 16:22:55 [notice] 1#1: signal 17 (SIGCHLD) received from 32
2022/02/08 16:22:55 [notice] 1#1: signal 17 (SIGCHLD) received from 35
2022/02/08 16:22:55 [notice] 1#1: worker process 35 exited with code 0
2022/02/08 16:22:55 [notice] 1#1: signal 29 (SIGIO) received
2022/02/08 16:22:55 [notice] 1#1: signal 17 (SIGCHLD) received from 34
2022/02/08 16:22:55 [notice] 1#1: worker process 34 exited with code 0
2022/02/08 16:22:55 [notice] 1#1: signal 29 (SIGIO) received
2022/02/08 16:22:55 [notice] 1#1: signal 17 (SIGCHLD) received from 31
2022/02/08 16:22:55 [notice] 1#1: worker process 31 exited with code 0
2022/02/08 16:22:55 [notice] 1#1: exit
2022/02/08 18:34:30 [notice] 1#1: using the "epoll" event method
2022/02/08 18:34:30 [notice] 1#1: nginx/1.20.0
2022/02/08 18:34:30 [notice] 1#1: built by gcc 8.3.0 (Debian 8.3.0-6) 
2022/02/08 18:34:30 [notice] 1#1: OS: Linux 5.13.0-28-generic
2022/02/08 18:34:30 [notice] 1#1: getrlimit(RLIMIT_NOFILE): 1048576:1048576
2022/02/08 18:34:30 [notice] 1#1: start worker processes
2022/02/08 18:34:30 [notice] 1#1: start worker process 30
2022/02/08 18:34:30 [notice] 1#1: start worker process 31
2022/02/08 18:34:30 [notice] 1#1: start worker process 32
2022/02/08 18:34:30 [notice] 1#1: start worker process 33
2022/02/08 18:34:30 [notice] 1#1: start worker process 34
2022/02/08 18:34:30 [notice] 1#1: start worker process 35
2022/02/08 18:34:30 [notice] 1#1: start worker process 36
2022/02/08 18:34:30 [notice] 1#1: start worker process 37
2022/02/08 18:44:29 [notice] 1#1: signal 3 (SIGQUIT) received, shutting down
2022/02/08 18:44:29 [notice] 31#31: gracefully shutting down
2022/02/08 18:44:29 [notice] 30#30: gracefully shutting down
2022/02/08 18:44:29 [notice] 32#32: gracefully shutting down
2022/02/08 18:44:29 [notice] 33#33: gracefully shutting down
2022/02/08 18:44:29 [notice] 34#34: gracefully shutting down
2022/02/08 18:44:29 [notice] 31#31: exiting
2022/02/08 18:44:29 [notice] 36#36: gracefully shutting down
2022/02/08 18:44:29 [notice] 35#35: gracefully shutting down
2022/02/08 18:44:29 [notice] 32#32: exiting
2022/02/08 18:44:29 [notice] 33#33: exiting
2022/02/08 18:44:29 [notice] 34#34: exiting
2022/02/08 18:44:29 [notice] 36#36: exiting
2022/02/08 18:44:29 [notice] 35#35: exiting
2022/02/08 18:44:29 [notice] 31#31: exit
2022/02/08 18:44:29 [notice] 32#32: exit
2022/02/08 18:44:29 [notice] 33#33: exit
2022/02/08 18:44:29 [notice] 36#36: exit
2022/02/08 18:44:29 [notice] 34#34: exit
2022/02/08 18:44:29 [notice] 35#35: exit
2022/02/08 18:44:29 [notice] 30#30: exiting
2022/02/08 18:44:29 [notice] 30#30: exit
2022/02/08 18:44:29 [notice] 37#37: gracefully shutting down
2022/02/08 18:44:29 [notice] 37#37: exiting
2022/02/08 18:44:29 [notice] 37#37: exit
2022/02/08 18:44:30 [notice] 1#1: signal 17 (SIGCHLD) received from 34
2022/02/08 18:44:30 [notice] 1#1: worker process 34 exited with code 0
2022/02/08 18:44:30 [notice] 1#1: signal 29 (SIGIO) received
2022/02/08 18:44:30 [notice] 1#1: signal 17 (SIGCHLD) received from 32
2022/02/08 18:44:30 [notice] 1#1: worker process 30 exited with code 0
2022/02/08 18:44:30 [notice] 1#1: worker process 31 exited with code 0
2022/02/08 18:44:30 [notice] 1#1: worker process 32 exited with code 0
2022/02/08 18:44:30 [notice] 1#1: signal 29 (SIGIO) received
2022/02/08 18:44:30 [notice] 1#1: signal 17 (SIGCHLD) received from 30
2022/02/08 18:44:30 [notice] 1#1: signal 17 (SIGCHLD) received from 35
2022/02/08 18:44:30 [notice] 1#1: worker process 33 exited with code 0
2022/02/08 18:44:30 [notice] 1#1: worker process 35 exited with code 0
2022/02/08 18:44:30 [notice] 1#1: signal 29 (SIGIO) received
2022/02/08 18:44:30 [notice] 1#1: signal 17 (SIGCHLD) received from 33
2022/02/08 18:44:30 [notice] 1#1: signal 17 (SIGCHLD) received from 37
2022/02/08 18:44:30 [notice] 1#1: worker process 37 exited with code 0
2022/02/08 18:44:30 [notice] 1#1: signal 29 (SIGIO) received
2022/02/08 18:44:30 [notice] 1#1: signal 17 (SIGCHLD) received from 36
2022/02/08 18:44:30 [notice] 1#1: worker process 36 exited with code 0
2022/02/08 18:44:30 [notice] 1#1: exit
2022/02/08 18:46:58 [notice] 1#1: using the "epoll" event method
2022/02/08 18:46:58 [notice] 1#1: nginx/1.20.0
2022/02/08 18:46:58 [notice] 1#1: built by gcc 8.3.0 (Debian 8.3.0-6) 
2022/02/08 18:46:58 [notice] 1#1: OS: Linux 5.13.0-28-generic
2022/02/08 18:46:58 [notice] 1#1: getrlimit(RLIMIT_NOFILE): 1048576:1048576
2022/02/08 18:46:58 [notice] 1#1: start worker processes
2022/02/08 18:46:58 [notice] 1#1: start worker process 30
2022/02/08 18:46:58 [notice] 1#1: start worker process 31
2022/02/08 18:46:58 [notice] 1#1: start worker process 32
2022/02/08 18:46:58 [notice] 1#1: start worker process 33
2022/02/08 18:46:58 [notice] 1#1: start worker process 34
2022/02/08 18:46:58 [notice] 1#1: start worker process 35
2022/02/08 18:46:58 [notice] 1#1: start worker process 36
2022/02/08 18:46:58 [notice] 1#1: start worker process 37
2022/02/08 19:01:17 [notice] 1#1: signal 3 (SIGQUIT) received, shutting down
2022/02/08 19:01:17 [notice] 30#30: gracefully shutting down
2022/02/08 19:01:17 [notice] 31#31: gracefully shutting down
2022/02/08 19:01:17 [notice] 30#30: exiting
2022/02/08 19:01:17 [notice] 33#33: gracefully shutting down
2022/02/08 19:01:17 [notice] 31#31: exiting
2022/02/08 19:01:17 [notice] 32#32: gracefully shutting down
2022/02/08 19:01:17 [notice] 33#33: exiting
2022/02/08 19:01:17 [notice] 32#32: exiting
2022/02/08 19:01:17 [notice] 30#30: exit
2022/02/08 19:01:17 [notice] 31#31: exit
2022/02/08 19:01:17 [notice] 33#33: exit
2022/02/08 19:01:17 [notice] 32#32: exit
2022/02/08 19:01:17 [notice] 34#34: gracefully shutting down
2022/02/08 19:01:17 [notice] 35#35: gracefully shutting down
2022/02/08 19:01:17 [notice] 34#34: exiting
2022/02/08 19:01:17 [notice] 35#35: exiting
2022/02/08 19:01:17 [notice] 34#34: exit
2022/02/08 19:01:17 [notice] 35#35: exit
2022/02/08 19:01:17 [notice] 36#36: gracefully shutting down
2022/02/08 19:01:17 [notice] 37#37: gracefully shutting down
2022/02/08 19:01:17 [notice] 36#36: exiting
2022/02/08 19:01:17 [notice] 37#37: exiting
2022/02/08 19:01:17 [notice] 36#36: exit
2022/02/08 19:01:17 [notice] 37#37: exit
2022/02/08 19:01:17 [notice] 1#1: signal 17 (SIGCHLD) received from 33
2022/02/08 19:01:17 [notice] 1#1: worker process 33 exited with code 0
2022/02/08 19:01:17 [notice] 1#1: signal 29 (SIGIO) received
2022/02/08 19:01:17 [notice] 1#1: signal 17 (SIGCHLD) received from 37
2022/02/08 19:01:17 [notice] 1#1: worker process 32 exited with code 0
2022/02/08 19:01:17 [notice] 1#1: worker process 34 exited with code 0
2022/02/08 19:01:17 [notice] 1#1: worker process 36 exited with code 0
2022/02/08 19:01:17 [notice] 1#1: worker process 37 exited with code 0
2022/02/08 19:01:17 [notice] 1#1: signal 29 (SIGIO) received
2022/02/08 19:01:17 [notice] 1#1: signal 17 (SIGCHLD) received from 34
2022/02/08 19:01:17 [notice] 1#1: signal 17 (SIGCHLD) received from 35
2022/02/08 19:01:17 [notice] 1#1: worker process 35 exited with code 0
2022/02/08 19:01:17 [notice] 1#1: signal 29 (SIGIO) received
2022/02/08 19:01:17 [notice] 1#1: signal 17 (SIGCHLD) received from 31
2022/02/08 19:01:17 [notice] 1#1: worker process 31 exited with code 0
2022/02/08 19:01:17 [notice] 1#1: signal 29 (SIGIO) received
2022/02/08 19:01:17 [notice] 1#1: signal 17 (SIGCHLD) received from 30
2022/02/08 19:01:17 [notice] 1#1: worker process 30 exited with code 0
2022/02/08 19:01:17 [notice] 1#1: exit
2022/02/08 19:01:17 [notice] 1#1: using the "epoll" event method
2022/02/08 19:01:17 [notice] 1#1: nginx/1.20.0
2022/02/08 19:01:17 [notice] 1#1: built by gcc 8.3.0 (Debian 8.3.0-6) 
2022/02/08 19:01:17 [notice] 1#1: OS: Linux 5.13.0-28-generic
2022/02/08 19:01:17 [notice] 1#1: getrlimit(RLIMIT_NOFILE): 1048576:1048576
2022/02/08 19:01:17 [notice] 1#1: start worker processes
2022/02/08 19:01:17 [notice] 1#1: start worker process 30
2022/02/08 19:01:17 [notice] 1#1: start worker process 31
2022/02/08 19:01:17 [notice] 1#1: start worker process 32
2022/02/08 19:01:17 [notice] 1#1: start worker process 33
2022/02/08 19:01:17 [notice] 1#1: start worker process 34
2022/02/08 19:01:17 [notice] 1#1: start worker process 35
2022/02/08 19:01:17 [notice] 1#1: start worker process 36
2022/02/08 19:01:17 [notice] 1#1: start worker process 37
